\BOOKMARK [1][-]{section.1}{The Schwarzschild Black Hole}{}% 1
\BOOKMARK [2][-]{subsection.1.1}{Eddington-Finkelstein Coordinates}{section.1}% 2
\BOOKMARK [2][-]{subsection.1.2}{Kruskal-Szekeres Coordinates}{section.1}% 3
\BOOKMARK [2][-]{subsection.1.3}{Penrose Diagrams}{section.1}% 4
\BOOKMARK [1][-]{section.2}{Charged \046 Rotating Black Holes}{}% 5
\BOOKMARK [2][-]{subsection.2.1}{The Reissner-Nordstr\366m Solution}{section.2}% 6
\BOOKMARK [2][-]{subsection.2.2}{Rotating Black Holes}{section.2}% 7
\BOOKMARK [1][-]{section.3}{Killing Vectors \046 Killing Horizons}{}% 8
\BOOKMARK [2][-]{subsection.3.1}{Symmetries \046 Killing Vectors}{section.3}% 9
\BOOKMARK [2][-]{subsection.3.2}{Conservation Laws}{section.3}% 10
\BOOKMARK [2][-]{subsection.3.3}{Hypersurfaces}{section.3}% 11
\BOOKMARK [2][-]{subsection.3.4}{Killing Horizons}{section.3}% 12
\BOOKMARK [2][-]{subsection.3.5}{Black Hole Uniqueness}{section.3}% 13
\BOOKMARK [2][-]{subsection.3.6}{Komar Integrals}{section.3}% 14
\BOOKMARK [1][-]{section.4}{Black Hole Thermodynamics}{}% 15
\BOOKMARK [2][-]{subsection.4.1}{Overview}{section.4}% 16
\BOOKMARK [2][-]{subsection.4.2}{The First Law of Black Hole Mechanics}{section.4}% 17
\BOOKMARK [2][-]{subsection.4.3}{Working up to Hawking's Area Theorem}{section.4}% 18
\BOOKMARK [2][-]{subsection.4.4}{The Raychaudhouri Equation}{section.4}% 19
\BOOKMARK [2][-]{subsection.4.5}{Causal Structure}{section.4}% 20
\BOOKMARK [2][-]{subsection.4.6}{Hawking's Area Theorem}{section.4}% 21
\BOOKMARK [1][-]{section.5}{Hawking Radiation}{}% 22
\BOOKMARK [2][-]{subsection.5.1}{Quantum Field Theory in Curved Spacetime}{section.5}% 23
\BOOKMARK [2][-]{subsection.5.2}{QFT in Rindler Space in 1+1 dimensions}{section.5}% 24
\BOOKMARK [2][-]{subsection.5.3}{QFT in the spacetime of a spherical collapsing star: Hawking Radiation}{section.5}% 25
